生成启动时间为 2018/10/20 13:41:28。
     1>项目“I:\20181020\ConsoleApplication_new\ConsoleApplication\ConsoleApplication\ConsoleApplication.vcxproj”在节点 2 上(Rebuild 个目标)。
     1>ClCompile:
         C:\Program Files (x86)\Microsoft Visual Studio 12.0\VC\bin\CL.exe /c /IC:\opencv\build\include /ZI /nologo /W3 /WX- /sdl /Od /Oy- /D WIN32 /D _DEBUG /D _CONSOLE /D _LIB /D _CRT_SECURE_NO_WARNINGS /D _UNICODE /D UNICODE /Gm /EHsc /RTC1 /MTd /GS /fp:precise /Zc:wchar_t /Zc:forScope /Fo"Debug\\" /Fd"Debug\vc120.pdb" /Gd /TP /analyze- /errorReport:prompt BookbindingDetector.cpp main.cpp
         main.cpp
     1>i:\20181020\consoleapplication_new\consoleapplication\consoleapplication\main.cpp(65): warning C4244: “=”: 从“double”转换到“float”，可能丢失数据
     1>i:\20181020\consoleapplication_new\consoleapplication\consoleapplication\main.cpp(66): warning C4244: “=”: 从“double”转换到“float”，可能丢失数据
     1>i:\20181020\consoleapplication_new\consoleapplication\consoleapplication\main.cpp(67): warning C4244: “=”: 从“double”转换到“float”，可能丢失数据
     1>i:\20181020\consoleapplication_new\consoleapplication\consoleapplication\main.cpp(68): warning C4244: “=”: 从“double”转换到“float”，可能丢失数据
     1>i:\20181020\consoleapplication_new\consoleapplication\consoleapplication\main.cpp(69): warning C4244: “=”: 从“double”转换到“float”，可能丢失数据
     1>i:\20181020\consoleapplication_new\consoleapplication\consoleapplication\main.cpp(70): warning C4244: “=”: 从“double”转换到“float”，可能丢失数据
         BookbindingDetector.cpp
     1>i:\20181020\consoleapplication_new\consoleapplication\consoleapplication\bookbindingdetector.cpp(578): warning C4244: “初始化”: 从“float”转换到“int”，可能丢失数据
         正在生成代码...
       Link:
         C:\Program Files (x86)\Microsoft Visual Studio 12.0\VC\bin\link.exe /ERRORREPORT:PROMPT /OUT:"I:\20181020\ConsoleApplication_new\ConsoleApplication\Debug\ConsoleApplication.exe" /INCREMENTAL /NOLOGO /LIBPATH:C:\opencv\build\x86\vc12\staticlib libtiffd.lib libjasperd.lib libpngd.lib libjpegd.lib zlibd.lib IlmImfd.lib opencv_ml2413d.lib opencv_calib3d2413d.lib opencv_contrib2413d.lib opencv_core2413d.lib opencv_features2d2413d.lib opencv_flann2413d.lib opencv_gpu2413d.lib opencv_highgui2413d.lib opencv_imgproc2413d.lib opencv_legacy2413d.lib opencv_objdetect2413d.lib opencv_ts2413d.lib opencv_video2413d.lib opencv_nonfree2413d.lib opencv_ocl2413d.lib opencv_photo2413d.lib opencv_stitching2413d.lib opencv_superres2413d.lib opencv_videostab2413d.lib kernel32.lib user32.lib gdi32.lib winspool.lib comdlg32.lib advapi32.lib shell32.lib ole32.lib oleaut32.lib uuid.lib odbc32.lib odbccp32.lib /MANIFEST /MANIFESTUAC:"level='asInvoker' uiAccess='false'" /manifest:embed /DEBUG /PDB:"I:\20181020\ConsoleApplication_new\ConsoleApplication\Debug\ConsoleApplication.pdb" /SUBSYSTEM:CONSOLE /TLBID:1 /DYNAMICBASE /NXCOMPAT /IMPLIB:"I:\20181020\ConsoleApplication_new\ConsoleApplication\Debug\ConsoleApplication.lib" /MACHINE:X86 Debug\BookbindingDetector.obj
         Debug\main.obj
         ConsoleApplication.vcxproj -> I:\20181020\ConsoleApplication_new\ConsoleApplication\Debug\ConsoleApplication.exe
     1>已完成生成项目“I:\20181020\ConsoleApplication_new\ConsoleApplication\ConsoleApplication\ConsoleApplication.vcxproj”(Rebuild 个目标)的操作。

生成成功。

已用时间 00:00:05.13
